<?xml version="1.0" encoding="UTF-8"?>
<testsuite name="ru.nsu.odnostorontseva.hashtable.HashTableTest" tests="1" skipped="0" failures="0" errors="0" timestamp="2024-11-05T08:15:47" hostname="zhunzhunya-HP-Laptop-15s-eq0xxx" time="0.08">
  <properties/>
  <testcase name="rehashTest()" classname="ru.nsu.odnostorontseva.hashtable.HashTableTest" time="0.08"/>
  <system-out><![CDATA[]]></system-out>
  <system-err><![CDATA[]]></system-err>
</testsuite>
